ISim log file
Running: /home/INTRA/chakal/workspace/project/vivado/ECHO_MODULE/EM_TB_isim_beh.exe -intstyle ise -gui -tclbatch isim.cmd -wdb /home/INTRA/chakal/workspace/project/vivado/ECHO_MODULE/EM_TB_isim_beh.wdb 
ISim P.20131013 (signature 0xfbc00daa)
----------------------------------------------------------------------
INFO:Security:51 - The XILINXD_LICENSE_FILE environment variable is not set.
INFO:Security:52 - The LM_LICENSE_FILE environment variable is set to '1700@kama'.
WARNING:Security:43 - No license file was found in the standard Xilinx license directory.
WARNING:Security:44 - Since no license file was found,
       please run the Xilinx License Configuration Manager
       (xlcm or "Manage Xilinx Licenses")
       to assist in obtaining a license.
WARNING:Security:42 - Your software subscription period has lapsed. Your current version of Xilinx tools will continue to function, but you no longer qualify for Xilinx software updates or new releases.


----------------------------------------------------------------------
This is a Full version of ISim.
Time resolution is 1 ps
# onerror resume
# wave add /
# run 1000 ns
Simulator is doing circuit initialization process.
Finished circuit initialization process.
ISim P.20131013 (signature 0xfbc00daa)
----------------------------------------------------------------------
INFO:Security:51 - The XILINXD_LICENSE_FILE environment variable is not set.
INFO:Security:52 - The LM_LICENSE_FILE environment variable is set to '1700@kama'.
WARNING:Security:43 - No license file was found in the standard Xilinx license directory.
WARNING:Security:44 - Since no license file was found,
       please run the Xilinx License Configuration Manager
       (xlcm or "Manage Xilinx Licenses")
       to assist in obtaining a license.
WARNING:Security:42 - Your software subscription period has lapsed. Your current version of Xilinx tools will continue to function, but you no longer qualify for Xilinx software updates or new releases.


----------------------------------------------------------------------
This is a Full version of ISim.
# run 1000 ns
Simulator is doing circuit initialization process.
Finished circuit initialization process.
# run 1.00us
# run 1.00us
# run 1.00us
# run 1.00us
# run 1.00us
# run 1.00us
# run 1.00us
# run 1.00us
# run 1000.00us
# run 1000.00us
# run 1000.00us
# run 1000.00us
