09:42:28 INFO  : Launching XSDB server: xsdb -n -interactive /home/INTRA/chakal/workspace/project/vivado/project.sdk/temp_xsdb_launch_script.tcl
09:42:33 INFO  : XSDB server has started successfully.
09:42:34 INFO  : Processing command line option -hwspec /home/INTRA/chakal/workspace/project/vivado/project.sdk/project_wrapper.hdf.
12:35:50 INFO  : Launching XSDB server: xsdb -n -interactive /home/INTRA/chakal/workspace/project/vivado/project.sdk/temp_xsdb_launch_script.tcl
12:35:52 INFO  : XSDB server has started successfully.
12:35:52 INFO  : Processing command line option -hwspec /home/INTRA/chakal/workspace/project/vivado/project.sdk/project_wrapper.hdf.
12:35:52 INFO  : Checking for hwspec changes in the project project_wrapper_hw_platform_0.
12:44:36 INFO  : Invoking Bootgen: bootgen -image output.bif -arch zynq -o /home/INTRA/chakal/workspace/project/sd-image/BOOT.bin
12:44:36 INFO  : Creating new bif file /home/INTRA/chakal/workspace/project/sd-temp/output.bif
12:44:37 INFO  : Bootgen command execution is done.
13:06:31 INFO  : Launching XSDB server: xsdb -n -interactive /home/INTRA/chakal/workspace/project/vivado/project.sdk/temp_xsdb_launch_script.tcl
13:06:32 INFO  : XSDB server has started successfully.
13:06:34 INFO  : Processing command line option -hwspec /home/INTRA/chakal/workspace/project/vivado/project.sdk/project_wrapper.hdf.
13:06:34 INFO  : Checking for hwspec changes in the project project_wrapper_hw_platform_0.
13:06:37 INFO  : SDK has detected change in the last modified timestamps for source hardware specification file Source:1493719240000,  Project:1493534231000
13:06:37 INFO  : The hardware specification for project 'project_wrapper_hw_platform_0' is different from /home/INTRA/chakal/workspace/project/vivado/project.sdk/project_wrapper.hdf.
13:06:37 INFO  : Copied contents of /home/INTRA/chakal/workspace/project/vivado/project.sdk/project_wrapper.hdf into /project_wrapper_hw_platform_0/system.hdf.
13:06:44 INFO  : Synchronizing projects in the workspace with the hardware platform specification changes.
13:06:45 ERROR : (XSDB Server)ERROR: [Hsi 55-1433] Error boost::filesystem::directory_iterator::construct: Permission denied: "/tmp/virtual-INTRA\taturr.C3j9ds"
ERROR: [Hsi 55-1433] Error boost::filesystem::directory_iterator::construct: Permission denied: "/tmp/virtual-INTRA\taturr.rJI5w2"

13:06:45 ERROR : (XSDB Server)ERROR: [Hsi 55-1433] Error boost::filesystem::directory_iterator::construct: Permission denied: "/tmp/.esd-10234"
ERROR: [Hsi 55-1433] Error boost::filesystem::directory_iterator::construct: Permission denied: "/tmp/pulse-lUmFbEKMn8Pe"
ERROR: [Hsi 55-1433] Error boost::filesystem::directory_iterator::construct: Permission denied: "/tmp/orbit-INTRA\taturr"
ERROR: [Hsi 55-1433] Error boost::filesystem::directory_iterator::construct: Permission denied: "/tmp/virtual-INTRA\lakond.rIDYP9"
ERROR: [Hsi 55-1433] Error boost::filesystem::directory_iterator::construct: Permission denied: "/tmp/.esd-10237"
ERROR: [Hsi 55-1433] Error boost::filesystem::directory_iterator::construct: Permission denied: "/tmp/pulse-Q0L3bvgy9L3t"
ERROR: [Hsi 55-1433] Error boost::filesystem::directory_iterator::construct: Permission denied: "/tmp/orbit-INTRA\lakond"
ERROR: [Hsi 55-1433] Error boost::filesystem::directory_iterator::construct: Permission denied: "/tmp/virtual-INTRA\romeie.LI27FQ"
ERROR: [Hsi 55-1433] Error boost::filesystem::directory_iterator::construct: Permission denied: "/tmp/.esd-10246"
ERROR: [Hsi 55-1433] Error boost::filesystem::directory_iterator::construct: Permission denied: "/tmp/pulse-YjnjPeigXFe6"
ERROR: [Hsi 55-1433] Error boost::filesystem::directory_iterator::construct: Permission denied: "/tmp/orbit-INTRA\romeie"
ERROR: [Hsi 55-1433] Error boost::filesystem::directory_iterator::construct: Permission denied: "/tmp/virtual-INTRA\kakuus.WY7SfY"
ERROR: [Hsi 55-1433] Error boost::filesystem::directory_iterator::construct: Permission denied: "/tmp/.esd-10232"
ERROR: [Hsi 55-1433] Error boost::filesystem::directory_iterator::construct: Permission denied: "/tmp/pulse-jlzI5hn1IFpL"
ERROR: [Hsi 55-1433] Error boost::filesystem::directory_iterator::construct: Permission denied: "/tmp/orbit-INTRA\kakuus"
ERROR: [Hsi 55-1433] Error boost::filesystem::directory_iterator::construct: Permission denied: "/tmp/.esd-112"
ERROR: [Hsi 55-1433] Error boost::filesystem::directory_iterator::construct: Permission denied: "/tmp/pulse-EQmCyMfBzJj1"
ERROR: [Hsi 55-1433] Error boost::filesystem::directory_iterator::construct: Permission denied: "/tmp/orbit-gdm"

13:06:45 ERROR : Failed to call sync_sw_with_hw_change
Reason: ERROR: [Common 17-39] 'hsi::open_sw_design' failed due to earlier errors.

13:06:45 ERROR : Error updating BSP project MSS files.
13:06:46 INFO  : Updating hardware inferred compiler options for FSBL.
13:06:46 INFO  : Clearing existing target manager status.
13:07:06 ERROR : (XSDB Server)ERROR: [Hsi 55-1558] Software Design system system is not found

13:07:06 ERROR :  [Common 17-39] 'hsi::current_sw_design' failed due to earlier errors.
13:07:06 ERROR : (XSDB Server)ERROR: [Hsi 55-1558] Software Design system system is not found

13:07:06 INFO  : Unable to read in MSS file /home/INTRA/chakal/workspace/project/vivado/project.sdk/FSBL_bsp/system.mss : null
13:07:06 ERROR : Failed to closesw "/home/INTRA/chakal/workspace/project/vivado/project.sdk/FSBL_bsp/system.mss"
Reason: Cannot close sw design '/home/INTRA/chakal/workspace/project/vivado/project.sdk/FSBL_bsp/system.mss'.
Design is not opened in the current session.


13:07:53 ERROR : Unexpected error while parsing XMD response ?: com.google.gson.JsonSyntaxException: com.google.gson.stream.MalformedJsonException: invalid number or unquoted string near 
13:08:06 INFO  : Launching XSDB server: xsdb -n -interactive /home/INTRA/chakal/workspace/project/vivado/project.sdk/temp_xsdb_launch_script.tcl
13:08:07 INFO  : XSDB server has started successfully.
13:08:12 INFO  : Processing command line option -hwspec /home/INTRA/chakal/workspace/project/vivado/project.sdk/project_wrapper.hdf.
13:08:13 INFO  : Checking for hwspec changes in the project project_wrapper_hw_platform_0.
13:14:09 INFO  : Invoking Bootgen: bootgen -image output.bif -arch zynq -o /home/INTRA/chakal/workspace/project/sd-image/BOOT.bin
13:14:09 INFO  : Creating new bif file /home/INTRA/chakal/workspace/project/sd-temp/output.bif
13:14:09 INFO  : Bootgen command execution is done.
07:14:53 INFO  : Launching XSDB server: xsdb -n -interactive /home/INTRA/chakal/workspace/project/vivado/project.sdk/temp_xsdb_launch_script.tcl
07:14:54 INFO  : XSDB server has started successfully.
07:15:03 INFO  : Processing command line option -hwspec /home/INTRA/chakal/workspace/project/vivado/project.sdk/project_wrapper.hdf.
07:15:04 INFO  : Checking for hwspec changes in the project project_wrapper_hw_platform_0.
07:15:04 INFO  : SDK has detected change in the last modified timestamps for source hardware specification file Source:1493851417000,  Project:1493719240000
07:15:04 INFO  : The hardware specification for project 'project_wrapper_hw_platform_0' is different from /home/INTRA/chakal/workspace/project/vivado/project.sdk/project_wrapper.hdf.
07:15:05 INFO  : Copied contents of /home/INTRA/chakal/workspace/project/vivado/project.sdk/project_wrapper.hdf into /project_wrapper_hw_platform_0/system.hdf.
07:15:11 INFO  : Synchronizing projects in the workspace with the hardware platform specification changes.
07:15:12 ERROR : (XSDB Server)ERROR: [Hsi 55-1433] Error boost::filesystem::directory_iterator::construct: Permission denied: "/tmp/virtual-INTRA\trkall.utsg0X"

07:15:12 ERROR : (XSDB Server)ERROR: [Hsi 55-1433] Error boost::filesystem::directory_iterator::construct: Permission denied: "/tmp/.esd-10241"
ERROR: [Hsi 55-1433] Error boost::filesystem::directory_iterator::construct: Permission denied: "/tmp/pulse-7SUDd5c7no3G"
ERROR: [Hsi 55-1433] Error boost::filesystem::directory_iterator::construct: Permission denied: "/tmp/orbit-INTRA\trkall"
ERROR: [Hsi 55-1433] Error boost::filesystem::directory_iterator::construct: Permission denied: "/tmp/.esd-112"
ERROR: [Hsi 55-1433] Error boost::filesystem::directory_iterator::construct: Permission denied: "/tmp/pulse-OcWU5mjFZlry"
ERROR: [Hsi 55-1433] Error boost::filesystem::directory_iterator::construct: Permission denied: "/tmp/orbit-gdm"

07:15:12 ERROR : Failed to call sync_sw_with_hw_change
Reason: ERROR: [Common 17-39] 'hsi::open_sw_design' failed due to earlier errors.

07:15:12 ERROR : Error updating BSP project MSS files.
07:15:13 INFO  : Updating hardware inferred compiler options for FSBL.
07:15:13 INFO  : Clearing existing target manager status.
07:15:17 INFO  : Closing and re-opening the MSS file of ther project FSBL_bsp
07:15:18 ERROR : (XSDB Server)ERROR: [Hsi 55-1558] Software Design system system is not found

07:15:19 ERROR :  [Common 17-39] 'hsi::current_sw_design' failed due to earlier errors.
07:15:19 ERROR : (XSDB Server)ERROR: [Hsi 55-1558] Software Design system system is not found

07:15:19 INFO  : Unable to read in MSS file /home/INTRA/chakal/workspace/project/vivado/project.sdk/FSBL_bsp/system.mss : null
07:15:19 ERROR : (XSDB Server)ERROR: [Hsi 55-1558] Software Design system system is not found

07:15:19 ERROR : (XSDB Server)ERROR: [Hsi 55-1558] Software Design system system is not found

07:15:27 ERROR : (XSDB Server)ERROR: [Hsi 55-1558] Software Design system system is not found

07:15:27 ERROR :  [Common 17-39] 'hsi::current_sw_design' failed due to earlier errors.
07:15:27 ERROR : (XSDB Server)ERROR: [Hsi 55-1558] Software Design system system is not found

07:15:28 INFO  : Unable to read in MSS file /home/INTRA/chakal/workspace/project/vivado/project.sdk/FSBL_bsp/system.mss : null
07:15:28 ERROR : (XSDB Server)ERROR: [Hsi 55-1558] Software Design system system is not found

07:15:28 ERROR : Failed to closesw "/home/INTRA/chakal/workspace/project/vivado/project.sdk/FSBL_bsp/system.mss"
Reason: Cannot close sw design '/home/INTRA/chakal/workspace/project/vivado/project.sdk/FSBL_bsp/system.mss'.
Design is not opened in the current session.


07:15:28 INFO  : Workspace synchronized with the new hardware specification file. Cleaning dependent projects...
07:15:28 WARN  : Linker script will not be updated automatically. Users need to update it manually.
07:16:20 ERROR : (XSDB Server)ERROR: [Hsi 55-1558] Software Design system system is not found

07:16:20 ERROR :  [Common 17-39] 'hsi::current_sw_design' failed due to earlier errors.
07:16:20 ERROR : (XSDB Server)ERROR: [Hsi 55-1558] Software Design system system is not found

07:16:21 INFO  : Unable to read in MSS file /home/INTRA/chakal/workspace/project/vivado/project.sdk/FSBL_bsp/system.mss : null
07:16:21 ERROR : (XSDB Server)ERROR: [Hsi 55-1558] Software Design system system is not found

07:16:21 ERROR : (XSDB Server)ERROR: [Hsi 55-1558] Software Design system system is not found

07:16:21 ERROR : Failed to get_connected_periphs
Reason: ERROR: [Common 17-55] 'get_property' expects at least one object.
Resolution: If [get_<value>] was used to populate the object, check to make sure this command returns at least one valid object.

07:17:08 ERROR : Unexpected error while parsing XMD response ?: com.google.gson.JsonSyntaxException: com.google.gson.stream.MalformedJsonException: invalid number or unquoted string near 
07:17:40 INFO  : Launching XSDB server: xsdb -n -interactive /home/INTRA/chakal/workspace/project/vivado/project.sdk/temp_xsdb_launch_script.tcl
07:17:41 INFO  : XSDB server has started successfully.
07:17:42 INFO  : Processing command line option -hwspec /home/INTRA/chakal/workspace/project/vivado/project.sdk/project_wrapper.hdf.
07:17:42 INFO  : Checking for hwspec changes in the project project_wrapper_hw_platform_0.
08:25:25 INFO  : Launching XSDB server: xsdb -n -interactive /home/INTRA/chakal/workspace/project/vivado/project.sdk/temp_xsdb_launch_script.tcl
08:25:26 INFO  : XSDB server has started successfully.
08:25:27 INFO  : Processing command line option -hwspec /home/INTRA/chakal/workspace/project/vivado/project.sdk/project_wrapper.hdf.
08:25:27 INFO  : Checking for hwspec changes in the project project_wrapper_hw_platform_0.
08:43:09 INFO  : Launching XSDB server: xsdb -n -interactive /home/INTRA/chakal/workspace/project/vivado/project.sdk/temp_xsdb_launch_script.tcl
08:43:10 INFO  : XSDB server has started successfully.
08:43:11 INFO  : Processing command line option -hwspec /home/INTRA/chakal/workspace/project/vivado/project.sdk/project_wrapper.hdf.
08:43:11 INFO  : Checking for hwspec changes in the project project_wrapper_hw_platform_0.
08:50:18 INFO  : Invoking Bootgen: bootgen -image output.bif -arch zynq -o /home/INTRA/chakal/workspace/project/sd-image/BOOT.bin -w on
08:50:18 INFO  : Creating new bif file /home/INTRA/chakal/workspace/project/sd-temp/output.bif
08:50:19 INFO  : Bootgen command execution is done.
03:34:14 INFO  : Launching XSDB server: xsdb -n -interactive /home/INTRA/chakal/workspace/project/vivado/project.sdk/temp_xsdb_launch_script.tcl
03:34:15 INFO  : XSDB server has started successfully.
03:34:16 INFO  : Processing command line option -hwspec /home/INTRA/chakal/workspace/project/vivado/project.sdk/project_wrapper.hdf.
03:34:17 INFO  : Checking for hwspec changes in the project project_wrapper_hw_platform_0.
03:34:20 INFO  : SDK has detected change in the last modified timestamps for source hardware specification file Source:1494456310000,  Project:1493851417000
03:34:20 INFO  : The hardware specification for project 'project_wrapper_hw_platform_0' is different from /home/INTRA/chakal/workspace/project/vivado/project.sdk/project_wrapper.hdf.
03:34:20 INFO  : Copied contents of /home/INTRA/chakal/workspace/project/vivado/project.sdk/project_wrapper.hdf into /project_wrapper_hw_platform_0/system.hdf.
03:34:26 INFO  : Synchronizing projects in the workspace with the hardware platform specification changes.
03:34:27 ERROR : (XSDB Server)ERROR: [Hsi 55-1433] Error boost::filesystem::directory_iterator::construct: Permission denied: "/tmp/virtual-INTRA\trkall.vGDAce"
ERROR: [Hsi 55-1433] Error boost::filesystem::directory_iterator::construct: Permission denied: "/tmp/virtual-INTRA\sejego.5hDQGE"

03:34:27 ERROR : (XSDB Server)ERROR: [Hsi 55-1433] Error boost::filesystem::directory_iterator::construct: Permission denied: "/tmp/.esd-10251"
ERROR: [Hsi 55-1433] Error boost::filesystem::directory_iterator::construct: Permission denied: "/tmp/pulse-bitmpvsMh2c2"
ERROR: [Hsi 55-1433] Error boost::filesystem::directory_iterator::construct: Permission denied: "/tmp/orbit-INTRA\sejego"
ERROR: [Hsi 55-1433] Error boost::filesystem::directory_iterator::construct: Permission denied: "/tmp/virtual-INTRA\trkall.zqypTI"
ERROR: [Hsi 55-1433] Error boost::filesystem::directory_iterator::construct: Permission denied: "/tmp/virtual-INTRA\anni.larin.KuW9oz"
ERROR: [Hsi 55-1433] Error boost::filesystem::directory_iterator::construct: Permission denied: "/tmp/.esd-10250"
ERROR: [Hsi 55-1433] Error boost::filesystem::directory_iterator::construct: Permission denied: "/tmp/pulse-edpEaA3phdSY"
ERROR: [Hsi 55-1433] Error boost::filesystem::directory_iterator::construct: Permission denied: "/tmp/orbit-INTRA\anni.larin"
ERROR: [Hsi 55-1433] Error boost::filesystem::directory_iterator::construct: Permission denied: "/tmp/orbit-INTRA\dmitri.pismennoi"
ERROR: [Hsi 55-1433] Error boost::filesystem::directory_iterator::construct: Permission denied: "/tmp/virtual-INTRA\rlaane.cW1G0S"
ERROR: [Hsi 55-1433] Error boost::filesystem::directory_iterator::construct: Permission denied: "/tmp/.esd-10202"
ERROR: [Hsi 55-1433] Error boost::filesystem::directory_iterator::construct: Permission denied: "/tmp/pulse-nJgvMSBBtfAX"
ERROR: [Hsi 55-1433] Error boost::filesystem::directory_iterator::construct: Permission denied: "/tmp/orbit-INTRA\rlaane"
ERROR: [Hsi 55-1433] Error boost::filesystem::directory_iterator::construct: Permission denied: "/tmp/virtual-INTRA\trkall.utsg0X"

03:34:27 ERROR : (XSDB Server)ERROR: [Hsi 55-1433] Error boost::filesystem::directory_iterator::construct: Permission denied: "/tmp/.esd-10241"
ERROR: [Hsi 55-1433] Error boost::filesystem::directory_iterator::construct: Permission denied: "/tmp/pulse-7SUDd5c7no3G"
ERROR: [Hsi 55-1433] Error boost::filesystem::directory_iterator::construct: Permission denied: "/tmp/orbit-INTRA\trkall"
ERROR: [Hsi 55-1433] Error boost::filesystem::directory_iterator::construct: Permission denied: "/tmp/.esd-112"
ERROR: [Hsi 55-1433] Error boost::filesystem::directory_iterator::construct: Permission denied: "/tmp/pulse-OcWU5mjFZlry"
ERROR: [Hsi 55-1433] Error boost::filesystem::directory_iterator::construct: Permission denied: "/tmp/orbit-gdm"

03:34:27 ERROR : Failed to call sync_sw_with_hw_change
Reason: ERROR: [Common 17-39] 'hsi::open_sw_design' failed due to earlier errors.

03:34:27 ERROR : Error updating BSP project MSS files.
03:34:28 INFO  : Updating hardware inferred compiler options for AUDIO_PACKAGE.
03:34:29 INFO  : Updating hardware inferred compiler options for FSBL.
03:34:29 INFO  : Clearing existing target manager status.
03:34:37 ERROR : (XSDB Server)ERROR: [Hsi 55-1558] Software Design system system is not found

03:34:37 ERROR :  [Common 17-39] 'hsi::current_sw_design' failed due to earlier errors.
03:34:37 ERROR : (XSDB Server)ERROR: [Hsi 55-1558] Software Design system system is not found

03:34:37 INFO  : Unable to read in MSS file /home/INTRA/chakal/workspace/project/vivado/project.sdk/AUDIO_PACKAGE_bsp/system.mss : null
03:34:38 ERROR : (XSDB Server)ERROR: [Hsi 55-1558] Software Design system system is not found

03:34:38 ERROR : (XSDB Server)ERROR: [Hsi 55-1558] Software Design system system is not found

03:34:38 ERROR : Failed to get_connected_periphs
Reason: ERROR: [Common 17-55] 'get_property' expects at least one object.
Resolution: If [get_<value>] was used to populate the object, check to make sure this command returns at least one valid object.

03:35:44 ERROR : Unexpected error while parsing XMD response ?: com.google.gson.JsonSyntaxException: com.google.gson.stream.MalformedJsonException: invalid number or unquoted string near 
03:36:06 INFO  : Launching XSDB server: xsdb -n -interactive /home/INTRA/chakal/workspace/project/vivado/project.sdk/temp_xsdb_launch_script.tcl
03:36:07 INFO  : XSDB server has started successfully.
03:36:08 INFO  : Processing command line option -hwspec /home/INTRA/chakal/workspace/project/vivado/project.sdk/project_wrapper.hdf.
03:36:08 INFO  : Checking for hwspec changes in the project project_wrapper_hw_platform_0.
03:36:14 ERROR : (XSDB Server)/cad/x_16/SDK/2016.1/bin/loader: line 164:  9845 Segmentation fault      "$RDI_PROG" "$@"

03:36:14 INFO  : Launching XSDB server: xsdb -n -interactive /home/INTRA/chakal/workspace/project/vivado/project.sdk/temp_xsdb_launch_script.tcl
03:36:15 INFO  : XSDB server has started successfully.
09:25:40 INFO  : Launching XSDB server: xsdb -n -interactive /home/INTRA/chakal/workspace/project/vivado/project.sdk/temp_xsdb_launch_script.tcl
09:25:41 INFO  : XSDB server has started successfully.
09:25:41 INFO  : Processing command line option -hwspec /home/INTRA/chakal/workspace/project/vivado/project.sdk/project_wrapper.hdf.
09:25:41 INFO  : Checking for hwspec changes in the project project_wrapper_hw_platform_0.
09:40:08 INFO  : Invoking Bootgen: bootgen -image output.bif -arch zynq -o /home/INTRA/chakal/workspace/project/sd-image/BOOT.bin -w on
09:40:08 INFO  : Overwriting existing bif file /home/INTRA/chakal/workspace/project/sd-temp/output.bif
09:40:08 INFO  : Bootgen command execution is done.
16:04:36 INFO  : Launching XSDB server: xsdb -n -interactive /home/INTRA/chakal/workspace/project/vivado/project.sdk/temp_xsdb_launch_script.tcl
16:04:37 INFO  : XSDB server has started successfully.
16:04:38 INFO  : Processing command line option -hwspec /home/INTRA/chakal/workspace/project/vivado/project.sdk/project_wrapper.hdf.
16:04:38 INFO  : Checking for hwspec changes in the project project_wrapper_hw_platform_0.
16:06:27 INFO  : Launching XSDB server: xsdb -n -interactive /home/INTRA/chakal/workspace/project/vivado/project.sdk/temp_xsdb_launch_script.tcl
16:06:28 INFO  : XSDB server has started successfully.
16:06:29 INFO  : Processing command line option -hwspec /home/INTRA/chakal/workspace/project/vivado/project.sdk/project_wrapper.hdf.
16:06:29 INFO  : Checking for hwspec changes in the project project_wrapper_hw_platform_0.
18:35:06 INFO  : SDK has detected change in the last modified timestamps for source hardware specification file Source:1495121336000,  Project:1494456310000
18:35:06 INFO  : Project project_wrapper_hw_platform_0's source hardware specification located at /home/INTRA/chakal/workspace/project/vivado/project.sdk/project_wrapper.hdf is now different from the local copy.
		 The local copy will be replaced with the source specification and your workspace will be updated.
18:35:13 INFO  : Copied contents of /home/INTRA/chakal/workspace/project/vivado/project.sdk/project_wrapper.hdf into /project_wrapper_hw_platform_0/system.hdf.
18:35:20 INFO  : Synchronizing projects in the workspace with the hardware platform specification changes.
18:35:21 ERROR : (XSDB Server)ERROR: [Hsi 55-1433] Error boost::filesystem::directory_iterator::construct: Permission denied: "/tmp/virtual-INTRA\harri.lensen.HnV1Rc"
ERROR: [Hsi 55-1433] Error boost::filesystem::directory_iterator::construct: Permission denied: "/tmp/.esd-10111"
ERROR: [Hsi 55-1433] Error boost::filesystem::directory_iterator::construct: Permission denied: "/tmp/pulse-55YDAzCfsD6W"
ERROR: [Hsi 55-1433] Error boost::filesystem::directory_iterator::construct: Permission denied: "/tmp/orbit-INTRA\harri.lensen"
ERROR: [Hsi 55-1433] Error boost::filesystem::directory_iterator::construct: Permission denied: "/tmp/orbit-INTRA\aramos"
ERROR: [Hsi 55-1433] Error boost::filesystem::directory_iterator::construct: Permission denied: "/tmp/virtual-INTRA\hardi.selg.D7z11u"
ERROR: [Hsi 55-1433] Error boost::filesystem::directory_iterator::construct: Permission denied: "/tmp/.esd-10179"
ERROR: [Hsi 55-1433] Error boost::filesystem::directory_iterator::construct: Permission denied: "/tmp/pulse-EGhhygTxJq5B"
ERROR: [Hsi 55-1433] Error boost::filesystem::directory_iterator::construct: Permission denied: "/tmp/orbit-INTRA\hardi.selg"
ERROR: [Hsi 55-1433] Error boost::filesystem::directory_iterator::construct: Permission denied: "/tmp/.esd-112"
ERROR: [Hsi 55-1433] Error boost::filesystem::directory_iterator::construct: Permission denied: "/tmp/pulse-ImybLwlaKgud"
ERROR: [Hsi 55-1433] Error boost::filesystem::directory_iterator::construct: Permission denied: "/tmp/orbit-gdm"

18:35:21 ERROR : Failed to call sync_sw_with_hw_change
Reason: ERROR: [Common 17-39] 'hsi::open_sw_design' failed due to earlier errors.

18:35:21 ERROR : Error updating BSP project MSS files.
18:35:22 INFO  : Updating hardware inferred compiler options for AUDIO_PACKAGE.
18:35:23 INFO  : Updating hardware inferred compiler options for FSBL.
18:35:23 INFO  : Clearing existing target manager status.
18:35:44 INFO  : Connected to target on host '127.0.0.1' and port '3121'.
18:37:05 INFO  : Connected to target on host '127.0.0.1' and port '3121'.
18:37:05 INFO  : 'targets -set -filter {jtag_cable_name =~ "Digilent Zed 210248570964" && level==0} -index 1' command is executed.
18:37:07 INFO  : FPGA configured successfully with bitstream "/home/INTRA/chakal/workspace/project/vivado/project.sdk/project_wrapper_hw_platform_0/project_wrapper.bit"
18:39:57 INFO  : Connected to target on host '127.0.0.1' and port '3121'.
18:39:58 INFO  : 'targets -set -filter {jtag_cable_name =~ "Digilent Zed 210248570964" && level==0} -index 1' command is executed.
18:40:00 INFO  : FPGA configured successfully with bitstream "/home/INTRA/chakal/workspace/project/vivado/project.sdk/project_wrapper_hw_platform_0/project_wrapper.bit"
18:41:53 INFO  : Connected to target on host '127.0.0.1' and port '3121'.
18:41:54 INFO  : 'targets -set -filter {jtag_cable_name =~ "Digilent Zed 210248570964" && level==0} -index 1' command is executed.
18:41:56 INFO  : FPGA configured successfully with bitstream "/home/INTRA/chakal/workspace/project/vivado/project.sdk/project_wrapper_hw_platform_0/project_wrapper.bit"
18:51:18 INFO  : Connected to target on host '127.0.0.1' and port '3121'.
18:51:18 INFO  : 'targets -set -filter {jtag_cable_name =~ "Digilent Zed 210248570964" && level==0} -index 1' command is executed.
18:51:21 INFO  : FPGA configured successfully with bitstream "/home/INTRA/chakal/workspace/project/vivado/project.sdk/project_wrapper_hw_platform_0/project_wrapper.bit"
18:51:57 INFO  : Connected to target on host '127.0.0.1' and port '3121'.
18:51:57 INFO  : 'targets -set -filter {jtag_cable_name =~ "Digilent Zed 210248570964" && level==0} -index 1' command is executed.
18:52:00 INFO  : FPGA configured successfully with bitstream "/home/INTRA/chakal/workspace/project/vivado/project.sdk/project_wrapper_hw_platform_0/project_wrapper.bit"
18:53:02 INFO  : Connected to target on host '127.0.0.1' and port '3121'.
18:53:02 INFO  : 'targets -set -filter {jtag_cable_name =~ "Digilent Zed 210248570964" && level==0} -index 1' command is executed.
18:53:05 INFO  : FPGA configured successfully with bitstream "/home/INTRA/chakal/workspace/project/vivado/project.sdk/project_wrapper_hw_platform_0/project_wrapper.bit"
18:55:55 INFO  : Invoking Bootgen: bootgen -image output.bif -arch zynq -o /home/INTRA/chakal/workspace/project/sd-temp/BOOT.bin
18:55:55 INFO  : Overwriting existing bif file /home/INTRA/chakal/workspace/project/sd-temp/output.bif
18:55:55 INFO  : Bootgen command execution is done.
18:38:29 ERROR : (XSDB Server)ERROR: [Hsi 55-1558] Software Design system system is not found

18:38:29 ERROR :  [Common 17-39] 'hsi::current_sw_design' failed due to earlier errors.
18:38:29 ERROR : (XSDB Server)ERROR: [Hsi 55-1558] Software Design system system is not found

18:38:29 INFO  : Unable to read in MSS file /home/INTRA/chakal/workspace/project/vivado/project.sdk/AUDIO_PACKAGE_bsp/system.mss : null
18:38:30 ERROR : (XSDB Server)ERROR: [Hsi 55-1558] Software Design system system is not found

18:38:30 ERROR : (XSDB Server)ERROR: [Hsi 55-1558] Software Design system system is not found

18:38:30 ERROR : Failed to get_connected_periphs
Reason: ERROR: [Common 17-55] 'get_property' expects at least one object.
Resolution: If [get_<value>] was used to populate the object, check to make sure this command returns at least one valid object.

18:42:44 INFO  : SDK has detected change in the last modified timestamps for source hardware specification file Source:1495208297000,  Project:1495121336000
18:42:44 INFO  : Project project_wrapper_hw_platform_0's source hardware specification located at /home/INTRA/chakal/workspace/project/vivado/project.sdk/project_wrapper.hdf is now different from the local copy.
		 The local copy will be replaced with the source specification and your workspace will be updated.
18:42:52 INFO  : Copied contents of /home/INTRA/chakal/workspace/project/vivado/project.sdk/project_wrapper.hdf into /project_wrapper_hw_platform_0/system.hdf.
18:42:59 INFO  : Synchronizing projects in the workspace with the hardware platform specification changes.
18:43:00 ERROR : (XSDB Server)ERROR: [Hsi 55-1433] Error boost::filesystem::directory_iterator::construct: Permission denied: "/tmp/virtual-INTRA\harri.lensen.HnV1Rc"

18:43:00 ERROR : (XSDB Server)ERROR: [Hsi 55-1433] Error boost::filesystem::directory_iterator::construct: Permission denied: "/tmp/.esd-10111"
ERROR: [Hsi 55-1433] Error boost::filesystem::directory_iterator::construct: Permission denied: "/tmp/pulse-55YDAzCfsD6W"
ERROR: [Hsi 55-1433] Error boost::filesystem::directory_iterator::construct: Permission denied: "/tmp/orbit-INTRA\harri.lensen"
ERROR: [Hsi 55-1433] Error boost::filesystem::directory_iterator::construct: Permission denied: "/tmp/orbit-INTRA\aramos"
ERROR: [Hsi 55-1433] Error boost::filesystem::directory_iterator::construct: Permission denied: "/tmp/virtual-INTRA\hardi.selg.D7z11u"
ERROR: [Hsi 55-1433] Error boost::filesystem::directory_iterator::construct: Permission denied: "/tmp/.esd-10179"
ERROR: [Hsi 55-1433] Error boost::filesystem::directory_iterator::construct: Permission denied: "/tmp/pulse-EGhhygTxJq5B"
ERROR: [Hsi 55-1433] Error boost::filesystem::directory_iterator::construct: Permission denied: "/tmp/orbit-INTRA\hardi.selg"

18:43:00 ERROR : (XSDB Server)ERROR: [Hsi 55-1433] Error boost::filesystem::directory_iterator::construct: Permission denied: "/tmp/.esd-112"
ERROR: [Hsi 55-1433] Error boost::filesystem::directory_iterator::construct: Permission denied: "/tmp/pulse-ImybLwlaKgud"
ERROR: [Hsi 55-1433] Error boost::filesystem::directory_iterator::construct: Permission denied: "/tmp/orbit-gdm"

18:43:00 ERROR : Failed to call sync_sw_with_hw_change
Reason: ERROR: [Common 17-39] 'hsi::open_sw_design' failed due to earlier errors.

18:43:00 ERROR : Error updating BSP project MSS files.
18:43:01 INFO  : Updating hardware inferred compiler options for AUDIO_PACKAGE.
18:43:01 INFO  : Updating hardware inferred compiler options for FSBL.
18:43:01 INFO  : Clearing existing target manager status.
18:43:32 ERROR : Unexpected error while parsing XMD response ?: com.google.gson.JsonSyntaxException: com.google.gson.stream.MalformedJsonException: invalid number or unquoted string near 
18:43:47 INFO  : Launching XSDB server: xsdb -n -interactive /home/INTRA/chakal/workspace/project/vivado/project.sdk/temp_xsdb_launch_script.tcl
18:43:48 INFO  : XSDB server has started successfully.
18:43:50 INFO  : Processing command line option -hwspec /home/INTRA/chakal/workspace/project/vivado/project.sdk/project_wrapper.hdf.
18:43:50 INFO  : Checking for hwspec changes in the project project_wrapper_hw_platform_0.
18:45:51 INFO  : Invoking Bootgen: bootgen -image output.bif -arch zynq -o /home/INTRA/chakal/workspace/project/sd-image/BOOT.bin -w on
18:45:51 INFO  : Overwriting existing bif file /home/INTRA/chakal/workspace/project/sd-temp/output.bif
18:45:51 INFO  : Bootgen command execution is done.
19:51:38 INFO  : Launching XSDB server: xsdb -n -interactive /home/INTRA/chakal/workspace/project/vivado/project.sdk/temp_xsdb_launch_script.tcl
19:51:40 INFO  : XSDB server has started successfully.
19:51:40 INFO  : Processing command line option -hwspec /home/INTRA/chakal/workspace/project/vivado/project.sdk/project_wrapper.hdf.
19:51:40 INFO  : Checking for hwspec changes in the project project_wrapper_hw_platform_0.
19:51:43 INFO  : SDK has detected change in the last modified timestamps for source hardware specification file Source:1495212656000,  Project:1495208297000
19:51:43 INFO  : The hardware specification for project 'project_wrapper_hw_platform_0' is different from /home/INTRA/chakal/workspace/project/vivado/project.sdk/project_wrapper.hdf.
19:51:43 INFO  : Copied contents of /home/INTRA/chakal/workspace/project/vivado/project.sdk/project_wrapper.hdf into /project_wrapper_hw_platform_0/system.hdf.
19:51:56 INFO  : Synchronizing projects in the workspace with the hardware platform specification changes.
19:52:02 ERROR : (XSDB Server)ERROR: [Hsi 55-1433] Error boost::filesystem::directory_iterator::construct: Permission denied: "/tmp/virtual-INTRA\harri.lensen.HnV1Rc"

19:52:02 ERROR : (XSDB Server)ERROR: [Hsi 55-1433] Error boost::filesystem::directory_iterator::construct: Permission denied: "/tmp/.esd-10111"
ERROR: [Hsi 55-1433] Error boost::filesystem::directory_iterator::construct: Permission denied: "/tmp/pulse-55YDAzCfsD6W"
ERROR: [Hsi 55-1433] Error boost::filesystem::directory_iterator::construct: Permission denied: "/tmp/orbit-INTRA\harri.lensen"
ERROR: [Hsi 55-1433] Error boost::filesystem::directory_iterator::construct: Permission denied: "/tmp/orbit-INTRA\aramos"
ERROR: [Hsi 55-1433] Error boost::filesystem::directory_iterator::construct: Permission denied: "/tmp/virtual-INTRA\hardi.selg.D7z11u"
ERROR: [Hsi 55-1433] Error boost::filesystem::directory_iterator::construct: Permission denied: "/tmp/.esd-10179"
ERROR: [Hsi 55-1433] Error boost::filesystem::directory_iterator::construct: Permission denied: "/tmp/pulse-EGhhygTxJq5B"
ERROR: [Hsi 55-1433] Error boost::filesystem::directory_iterator::construct: Permission denied: "/tmp/orbit-INTRA\hardi.selg"
ERROR: [Hsi 55-1433] Error boost::filesystem::directory_iterator::construct: Permission denied: "/tmp/.esd-112"
ERROR: [Hsi 55-1433] Error boost::filesystem::directory_iterator::construct: Permission denied: "/tmp/pulse-ImybLwlaKgud"
ERROR: [Hsi 55-1433] Error boost::filesystem::directory_iterator::construct: Permission denied: "/tmp/orbit-gdm"

19:52:02 ERROR : Failed to call sync_sw_with_hw_change
Reason: ERROR: [Common 17-39] 'hsi::open_sw_design' failed due to earlier errors.

19:52:15 ERROR : Error updating BSP project MSS files.
19:52:16 INFO  : Updating hardware inferred compiler options for AUDIO_PACKAGE.
19:52:17 INFO  : Updating hardware inferred compiler options for FSBL.
19:52:17 INFO  : Clearing existing target manager status.
19:52:25 ERROR : Unexpected error while parsing XMD response ?: com.google.gson.JsonSyntaxException: com.google.gson.stream.MalformedJsonException: invalid number or unquoted string near 
19:52:37 INFO  : Launching XSDB server: xsdb -n -interactive /home/INTRA/chakal/workspace/project/vivado/project.sdk/temp_xsdb_launch_script.tcl
19:52:39 INFO  : XSDB server has started successfully.
19:52:39 INFO  : Processing command line option -hwspec /home/INTRA/chakal/workspace/project/vivado/project.sdk/project_wrapper.hdf.
19:52:39 INFO  : Checking for hwspec changes in the project project_wrapper_hw_platform_0.
19:57:50 INFO  : Invoking Bootgen: bootgen -image output.bif -arch zynq -o /home/INTRA/chakal/workspace/project/sd-image/BOOT.bin -w on
19:57:50 INFO  : Overwriting existing bif file /home/INTRA/chakal/workspace/project/sd-temp/output.bif
19:57:50 INFO  : Bootgen command execution is done.
21:20:05 INFO  : SDK has detected change in the last modified timestamps for source hardware specification file Source:1495217990000,  Project:1495212656000
21:20:05 INFO  : Project project_wrapper_hw_platform_0's source hardware specification located at /home/INTRA/chakal/workspace/project/vivado/project.sdk/project_wrapper.hdf is now different from the local copy.
		 The local copy will be replaced with the source specification and your workspace will be updated.
21:20:08 INFO  : Copied contents of /home/INTRA/chakal/workspace/project/vivado/project.sdk/project_wrapper.hdf into /project_wrapper_hw_platform_0/system.hdf.
21:20:17 INFO  : Synchronizing projects in the workspace with the hardware platform specification changes.
21:20:18 ERROR : (XSDB Server)ERROR: [Hsi 55-1433] Error boost::filesystem::directory_iterator::construct: Permission denied: "/tmp/virtual-INTRA\harri.lensen.HnV1Rc"
ERROR: [Hsi 55-1433] Error boost::filesystem::directory_iterator::construct: Permission denied: "/tmp/.esd-10111"
ERROR: [Hsi 55-1433] Error boost::filesystem::directory_iterator::construct: Permission denied: "/tmp/pulse-55YDAzCfsD6W"

21:20:18 ERROR : (XSDB Server)ERROR: [Hsi 55-1433] Error boost::filesystem::directory_iterator::construct: Permission denied: "/tmp/orbit-INTRA\harri.lensen"
ERROR: [Hsi 55-1433] Error boost::filesystem::directory_iterator::construct: Permission denied: "/tmp/orbit-INTRA\aramos"
ERROR: [Hsi 55-1433] Error boost::filesystem::directory_iterator::construct: Permission denied: "/tmp/virtual-INTRA\hardi.selg.D7z11u"
ERROR: [Hsi 55-1433] Error boost::filesystem::directory_iterator::construct: Permission denied: "/tmp/.esd-10179"
ERROR: [Hsi 55-1433] Error boost::filesystem::directory_iterator::construct: Permission denied: "/tmp/pulse-EGhhygTxJq5B"
ERROR: [Hsi 55-1433] Error boost::filesystem::directory_iterator::construct: Permission denied: "/tmp/orbit-INTRA\hardi.selg"
ERROR: [Hsi 55-1433] Error boost::filesystem::directory_iterator::construct: Permission denied: "/tmp/.esd-112"
ERROR: [Hsi 55-1433] Error boost::filesystem::directory_iterator::construct: Permission denied: "/tmp/pulse-ImybLwlaKgud"
ERROR: [Hsi 55-1433] Error boost::filesystem::directory_iterator::construct: Permission denied: "/tmp/orbit-gdm"

21:20:18 ERROR : Failed to call sync_sw_with_hw_change
Reason: ERROR: [Common 17-39] 'hsi::open_sw_design' failed due to earlier errors.

21:20:18 ERROR : Error updating BSP project MSS files.
21:20:19 INFO  : Updating hardware inferred compiler options for AUDIO_PACKAGE.
21:20:19 INFO  : Updating hardware inferred compiler options for FSBL.
21:20:19 INFO  : Clearing existing target manager status.
21:20:26 ERROR : Unexpected error while parsing XMD response ?: com.google.gson.JsonSyntaxException: com.google.gson.stream.MalformedJsonException: invalid number or unquoted string near 
21:20:48 INFO  : Launching XSDB server: xsdb -n -interactive /home/INTRA/chakal/workspace/project/vivado/project.sdk/temp_xsdb_launch_script.tcl
21:20:49 INFO  : XSDB server has started successfully.
21:20:50 INFO  : Processing command line option -hwspec /home/INTRA/chakal/workspace/project/vivado/project.sdk/project_wrapper.hdf.
21:20:50 INFO  : Checking for hwspec changes in the project project_wrapper_hw_platform_0.
21:22:07 INFO  : Invoking Bootgen: bootgen -image output.bif -arch zynq -o /home/INTRA/chakal/workspace/project/sd-image/BOOT.bin -w on
21:22:07 INFO  : Overwriting existing bif file /home/INTRA/chakal/workspace/project/sd-temp/output.bif
21:22:07 INFO  : Bootgen command execution is done.
22:15:30 INFO  : Launching XSDB server: xsdb -n -interactive /home/INTRA/chakal/workspace/project/vivado/project.sdk/temp_xsdb_launch_script.tcl
22:15:31 INFO  : XSDB server has started successfully.
22:15:32 INFO  : Processing command line option -hwspec /home/INTRA/chakal/workspace/project/vivado/project.sdk/project_wrapper.hdf.
22:15:32 INFO  : Checking for hwspec changes in the project project_wrapper_hw_platform_0.
22:15:35 INFO  : SDK has detected change in the last modified timestamps for source hardware specification file Source:1495221270000,  Project:1495217990000
22:15:35 INFO  : The hardware specification for project 'project_wrapper_hw_platform_0' is different from /home/INTRA/chakal/workspace/project/vivado/project.sdk/project_wrapper.hdf.
22:15:35 INFO  : Copied contents of /home/INTRA/chakal/workspace/project/vivado/project.sdk/project_wrapper.hdf into /project_wrapper_hw_platform_0/system.hdf.
22:15:49 INFO  : Synchronizing projects in the workspace with the hardware platform specification changes.
22:15:54 ERROR : (XSDB Server)ERROR: [Hsi 55-1433] Error boost::filesystem::directory_iterator::construct: Permission denied: "/tmp/virtual-INTRA\harri.lensen.HnV1Rc"
ERROR: [Hsi 55-1433] Error boost::filesystem::directory_iterator::construct: Permission denied: "/tmp/.esd-10111"

22:15:54 ERROR : (XSDB Server)ERROR: [Hsi 55-1433] Error boost::filesystem::directory_iterator::construct: Permission denied: "/tmp/pulse-55YDAzCfsD6W"
ERROR: [Hsi 55-1433] Error boost::filesystem::directory_iterator::construct: Permission denied: "/tmp/orbit-INTRA\harri.lensen"
ERROR: [Hsi 55-1433] Error boost::filesystem::directory_iterator::construct: Permission denied: "/tmp/orbit-INTRA\aramos"
ERROR: [Hsi 55-1433] Error boost::filesystem::directory_iterator::construct: Permission denied: "/tmp/virtual-INTRA\hardi.selg.D7z11u"
ERROR: [Hsi 55-1433] Error boost::filesystem::directory_iterator::construct: Permission denied: "/tmp/.esd-10179"
ERROR: [Hsi 55-1433] Error boost::filesystem::directory_iterator::construct: Permission denied: "/tmp/pulse-EGhhygTxJq5B"
ERROR: [Hsi 55-1433] Error boost::filesystem::directory_iterator::construct: Permission denied: "/tmp/orbit-INTRA\hardi.selg"
ERROR: [Hsi 55-1433] Error boost::filesystem::directory_iterator::construct: Permission denied: "/tmp/.esd-112"
ERROR: [Hsi 55-1433] Error boost::filesystem::directory_iterator::construct: Permission denied: "/tmp/pulse-ImybLwlaKgud"
ERROR: [Hsi 55-1433] Error boost::filesystem::directory_iterator::construct: Permission denied: "/tmp/orbit-gdm"

22:15:54 ERROR : Failed to call sync_sw_with_hw_change
Reason: ERROR: [Common 17-39] 'hsi::open_sw_design' failed due to earlier errors.

22:15:54 ERROR : Error updating BSP project MSS files.
22:15:56 INFO  : Updating hardware inferred compiler options for AUDIO_PACKAGE.
22:15:57 INFO  : Updating hardware inferred compiler options for FSBL.
22:15:57 INFO  : Clearing existing target manager status.
22:16:56 INFO  : Invoking Bootgen: bootgen -image output.bif -arch zynq -o /home/INTRA/chakal/workspace/project/sd-image/BOOT.bin -w on
22:16:56 INFO  : Overwriting existing bif file /home/INTRA/chakal/workspace/project/sd-temp/output.bif
22:16:57 INFO  : Bootgen command execution is done.
07:18:05 ERROR : Unexpected error while parsing XMD response ?: com.google.gson.JsonSyntaxException: com.google.gson.stream.MalformedJsonException: invalid number or unquoted string near 
07:18:49 INFO  : Launching XSDB server: xsdb -n -interactive /home/INTRA/chakal/workspace/project/vivado/project.sdk/temp_xsdb_launch_script.tcl
07:18:50 INFO  : XSDB server has started successfully.
07:18:51 INFO  : Processing command line option -hwspec /home/INTRA/chakal/workspace/project/vivado/project.sdk/project_wrapper.hdf.
07:18:51 INFO  : Checking for hwspec changes in the project project_wrapper_hw_platform_0.
07:18:54 INFO  : SDK has detected change in the last modified timestamps for source hardware specification file Source:1495251309000,  Project:1495221270000
07:18:54 INFO  : The hardware specification for project 'project_wrapper_hw_platform_0' is different from /home/INTRA/chakal/workspace/project/vivado/project.sdk/project_wrapper.hdf.
07:18:54 INFO  : Copied contents of /home/INTRA/chakal/workspace/project/vivado/project.sdk/project_wrapper.hdf into /project_wrapper_hw_platform_0/system.hdf.
07:19:01 INFO  : Synchronizing projects in the workspace with the hardware platform specification changes.
07:19:02 ERROR : (XSDB Server)ERROR: [Hsi 55-1433] Error boost::filesystem::directory_iterator::construct: Permission denied: "/tmp/virtual-INTRA\tonu.jeret.QRGyZy"
ERROR: [Hsi 55-1433] Error boost::filesystem::directory_iterator::construct: Permission denied: "/tmp/.esd-10255"

07:19:02 ERROR : (XSDB Server)ERROR: [Hsi 55-1433] Error boost::filesystem::directory_iterator::construct: Permission denied: "/tmp/pulse-v7ZRWXUNB1UA"
ERROR: [Hsi 55-1433] Error boost::filesystem::directory_iterator::construct: Permission denied: "/tmp/orbit-INTRA\tonu.jeret"
ERROR: [Hsi 55-1433] Error boost::filesystem::directory_iterator::construct: Permission denied: "/tmp/virtual-INTRA\harri.lensen.HnV1Rc"
ERROR: [Hsi 55-1433] Error boost::filesystem::directory_iterator::construct: Permission denied: "/tmp/.esd-10111"
ERROR: [Hsi 55-1433] Error boost::filesystem::directory_iterator::construct: Permission denied: "/tmp/pulse-55YDAzCfsD6W"

07:19:02 ERROR : (XSDB Server)ERROR: [Hsi 55-1433] Error boost::filesystem::directory_iterator::construct: Permission denied: "/tmp/orbit-INTRA\harri.lensen"
ERROR: [Hsi 55-1433] Error boost::filesystem::directory_iterator::construct: Permission denied: "/tmp/orbit-INTRA\aramos"
ERROR: [Hsi 55-1433] Error boost::filesystem::directory_iterator::construct: Permission denied: "/tmp/virtual-INTRA\hardi.selg.D7z11u"
ERROR: [Hsi 55-1433] Error boost::filesystem::directory_iterator::construct: Permission denied: "/tmp/.esd-10179"
ERROR: [Hsi 55-1433] Error boost::filesystem::directory_iterator::construct: Permission denied: "/tmp/pulse-EGhhygTxJq5B"
ERROR: [Hsi 55-1433] Error boost::filesystem::directory_iterator::construct: Permission denied: "/tmp/orbit-INTRA\hardi.selg"

07:19:02 ERROR : (XSDB Server)ERROR: [Hsi 55-1433] Error boost::filesystem::directory_iterator::construct: Permission denied: "/tmp/.esd-112"
ERROR: [Hsi 55-1433] Error boost::filesystem::directory_iterator::construct: Permission denied: "/tmp/pulse-ImybLwlaKgud"

07:19:02 ERROR : (XSDB Server)ERROR: [Hsi 55-1433] Error boost::filesystem::directory_iterator::construct: Permission denied: "/tmp/orbit-gdm"

07:19:02 ERROR : Failed to call sync_sw_with_hw_change
Reason: ERROR: [Common 17-39] 'hsi::open_sw_design' failed due to earlier errors.

07:19:02 ERROR : Error updating BSP project MSS files.
07:19:03 INFO  : Updating hardware inferred compiler options for AUDIO_PACKAGE.
07:19:03 INFO  : Updating hardware inferred compiler options for FSBL.
07:19:04 INFO  : Clearing existing target manager status.
07:19:56 INFO  : Invoking Bootgen: bootgen -image output.bif -arch zynq -o /home/INTRA/chakal/workspace/project/sd-image/BOOT.bin -w on
07:19:56 INFO  : Overwriting existing bif file /home/INTRA/chakal/workspace/project/sd-temp/output.bif
07:19:56 INFO  : Bootgen command execution is done.
08:04:06 INFO  : SDK has detected change in the last modified timestamps for source hardware specification file Source:1495256614000,  Project:1495251309000
08:04:06 INFO  : Project project_wrapper_hw_platform_0's source hardware specification located at /home/INTRA/chakal/workspace/project/vivado/project.sdk/project_wrapper.hdf is now different from the local copy.
		 The local copy will be replaced with the source specification and your workspace will be updated.
08:04:31 INFO  : Copied contents of /home/INTRA/chakal/workspace/project/vivado/project.sdk/project_wrapper.hdf into /project_wrapper_hw_platform_0/system.hdf.
08:04:39 INFO  : Synchronizing projects in the workspace with the hardware platform specification changes.
08:04:40 ERROR : (XSDB Server)ERROR: [Hsi 55-1433] Error boost::filesystem::directory_iterator::construct: Permission denied: "/tmp/virtual-INTRA\tonu.jeret.QRGyZy"

08:04:40 ERROR : (XSDB Server)ERROR: [Hsi 55-1433] Error boost::filesystem::directory_iterator::construct: Permission denied: "/tmp/.esd-10255"
ERROR: [Hsi 55-1433] Error boost::filesystem::directory_iterator::construct: Permission denied: "/tmp/pulse-v7ZRWXUNB1UA"
ERROR: [Hsi 55-1433] Error boost::filesystem::directory_iterator::construct: Permission denied: "/tmp/orbit-INTRA\tonu.jeret"
ERROR: [Hsi 55-1433] Error boost::filesystem::directory_iterator::construct: Permission denied: "/tmp/virtual-INTRA\harri.lensen.HnV1Rc"
ERROR: [Hsi 55-1433] Error boost::filesystem::directory_iterator::construct: Permission denied: "/tmp/.esd-10111"
ERROR: [Hsi 55-1433] Error boost::filesystem::directory_iterator::construct: Permission denied: "/tmp/pulse-55YDAzCfsD6W"

08:04:40 ERROR : (XSDB Server)ERROR: [Hsi 55-1433] Error boost::filesystem::directory_iterator::construct: Permission denied: "/tmp/orbit-INTRA\harri.lensen"
ERROR: [Hsi 55-1433] Error boost::filesystem::directory_iterator::construct: Permission denied: "/tmp/orbit-INTRA\aramos"

08:04:40 ERROR : (XSDB Server)ERROR: [Hsi 55-1433] Error boost::filesystem::directory_iterator::construct: Permission denied: "/tmp/virtual-INTRA\hardi.selg.D7z11u"

08:04:40 ERROR : (XSDB Server)ERROR: [Hsi 55-1433] Error boost::filesystem::directory_iterator::construct: Permission denied: "/tmp/.esd-10179"

08:04:40 ERROR : (XSDB Server)ERROR: [Hsi 55-1433] Error boost::filesystem::directory_iterator::construct: Permission denied: "/tmp/pulse-EGhhygTxJq5B"

08:04:40 ERROR : (XSDB Server)ERROR: [Hsi 55-1433] Error boost::filesystem::directory_iterator::construct: Permission denied: "/tmp/orbit-INTRA\hardi.selg"

08:04:40 ERROR : (XSDB Server)ERROR: [Hsi 55-1433] Error boost::filesystem::directory_iterator::construct: Permission denied: "/tmp/.esd-112"

08:04:40 ERROR : (XSDB Server)ERROR: [Hsi 55-1433] Error boost::filesystem::directory_iterator::construct: Permission denied: "/tmp/pulse-ImybLwlaKgud"

08:04:40 ERROR : (XSDB Server)ERROR: [Hsi 55-1433] Error boost::filesystem::directory_iterator::construct: Permission denied: "/tmp/orbit-gdm"

08:04:40 ERROR : Failed to call sync_sw_with_hw_change
Reason: ERROR: [Common 17-39] 'hsi::open_sw_design' failed due to earlier errors.

08:04:40 ERROR : Error updating BSP project MSS files.
08:04:41 INFO  : Updating hardware inferred compiler options for AUDIO_PACKAGE.
08:04:42 INFO  : Updating hardware inferred compiler options for FSBL.
08:04:42 INFO  : Clearing existing target manager status.
08:04:54 ERROR : Unexpected error while parsing XMD response ?: com.google.gson.JsonSyntaxException: com.google.gson.stream.MalformedJsonException: invalid number or unquoted string near 
08:05:08 INFO  : Launching XSDB server: xsdb -n -interactive /home/INTRA/chakal/workspace/project/vivado/project.sdk/temp_xsdb_launch_script.tcl
08:05:09 INFO  : XSDB server has started successfully.
08:05:10 INFO  : Processing command line option -hwspec /home/INTRA/chakal/workspace/project/vivado/project.sdk/project_wrapper.hdf.
08:05:10 INFO  : Checking for hwspec changes in the project project_wrapper_hw_platform_0.
08:06:01 INFO  : Invoking Bootgen: bootgen -image output.bif -arch zynq -o /home/INTRA/chakal/workspace/project/sd-image/BOOT.bin -w on
08:06:01 INFO  : Overwriting existing bif file /home/INTRA/chakal/workspace/project/sd-temp/output.bif
08:06:01 INFO  : Bootgen command execution is done.
08:36:51 INFO  : SDK has detected change in the last modified timestamps for source hardware specification file Source:1495258462000,  Project:1495256614000
08:36:51 INFO  : Project project_wrapper_hw_platform_0's source hardware specification located at /home/INTRA/chakal/workspace/project/vivado/project.sdk/project_wrapper.hdf is now different from the local copy.
		 The local copy will be replaced with the source specification and your workspace will be updated.
08:36:53 INFO  : Copied contents of /home/INTRA/chakal/workspace/project/vivado/project.sdk/project_wrapper.hdf into /project_wrapper_hw_platform_0/system.hdf.
08:37:01 INFO  : Synchronizing projects in the workspace with the hardware platform specification changes.
08:37:02 ERROR : (XSDB Server)ERROR: [Hsi 55-1433] Error boost::filesystem::directory_iterator::construct: Permission denied: "/tmp/virtual-INTRA\tonu.jeret.QRGyZy"
ERROR: [Hsi 55-1433] Error boost::filesystem::directory_iterator::construct: Permission denied: "/tmp/.esd-10255"

08:37:02 ERROR : (XSDB Server)ERROR: [Hsi 55-1433] Error boost::filesystem::directory_iterator::construct: Permission denied: "/tmp/pulse-v7ZRWXUNB1UA"
ERROR: [Hsi 55-1433] Error boost::filesystem::directory_iterator::construct: Permission denied: "/tmp/orbit-INTRA\tonu.jeret"
ERROR: [Hsi 55-1433] Error boost::filesystem::directory_iterator::construct: Permission denied: "/tmp/virtual-INTRA\harri.lensen.HnV1Rc"
ERROR: [Hsi 55-1433] Error boost::filesystem::directory_iterator::construct: Permission denied: "/tmp/.esd-10111"
ERROR: [Hsi 55-1433] Error boost::filesystem::directory_iterator::construct: Permission denied: "/tmp/pulse-55YDAzCfsD6W"
ERROR: [Hsi 55-1433] Error boost::filesystem::directory_iterator::construct: Permission denied: "/tmp/orbit-INTRA\harri.lensen"
ERROR: [Hsi 55-1433] Error boost::filesystem::directory_iterator::construct: Permission denied: "/tmp/orbit-INTRA\aramos"
ERROR: [Hsi 55-1433] Error boost::filesystem::directory_iterator::construct: Permission denied: "/tmp/virtual-INTRA\hardi.selg.D7z11u"

08:37:02 ERROR : (XSDB Server)ERROR: [Hsi 55-1433] Error boost::filesystem::directory_iterator::construct: Permission denied: "/tmp/.esd-10179"
ERROR: [Hsi 55-1433] Error boost::filesystem::directory_iterator::construct: Permission denied: "/tmp/pulse-EGhhygTxJq5B"
ERROR: [Hsi 55-1433] Error boost::filesystem::directory_iterator::construct: Permission denied: "/tmp/orbit-INTRA\hardi.selg"
ERROR: [Hsi 55-1433] Error boost::filesystem::directory_iterator::construct: Permission denied: "/tmp/.esd-112"
ERROR: [Hsi 55-1433] Error boost::filesystem::directory_iterator::construct: Permission denied: "/tmp/pulse-ImybLwlaKgud"
ERROR: [Hsi 55-1433] Error boost::filesystem::directory_iterator::construct: Permission denied: "/tmp/orbit-gdm"

08:37:02 ERROR : Failed to call sync_sw_with_hw_change
Reason: ERROR: [Common 17-39] 'hsi::open_sw_design' failed due to earlier errors.

08:37:02 ERROR : Error updating BSP project MSS files.
08:37:03 INFO  : Updating hardware inferred compiler options for AUDIO_PACKAGE.
08:37:03 INFO  : Updating hardware inferred compiler options for FSBL.
08:37:04 INFO  : Clearing existing target manager status.
08:37:10 ERROR : Unexpected error while parsing XMD response ?: com.google.gson.JsonSyntaxException: com.google.gson.stream.MalformedJsonException: invalid number or unquoted string near 
08:37:24 INFO  : Launching XSDB server: xsdb -n -interactive /home/INTRA/chakal/workspace/project/vivado/project.sdk/temp_xsdb_launch_script.tcl
08:37:25 INFO  : XSDB server has started successfully.
08:37:26 INFO  : Processing command line option -hwspec /home/INTRA/chakal/workspace/project/vivado/project.sdk/project_wrapper.hdf.
08:37:26 INFO  : Checking for hwspec changes in the project project_wrapper_hw_platform_0.
08:38:13 INFO  : Invoking Bootgen: bootgen -image output.bif -arch zynq -o /home/INTRA/chakal/workspace/project/sd-image/BOOT.bin -w on
08:38:13 INFO  : Overwriting existing bif file /home/INTRA/chakal/workspace/project/sd-temp/output.bif
08:38:13 INFO  : Bootgen command execution is done.
09:46:57 INFO  : Launching XSDB server: xsdb -n -interactive /home/INTRA/chakal/workspace/project/vivado/project.sdk/temp_xsdb_launch_script.tcl
09:46:58 INFO  : XSDB server has started successfully.
09:46:59 INFO  : Processing command line option -hwspec /home/INTRA/chakal/workspace/project/vivado/project.sdk/project_wrapper.hdf.
09:46:59 INFO  : Checking for hwspec changes in the project project_wrapper_hw_platform_0.
09:47:02 INFO  : SDK has detected change in the last modified timestamps for source hardware specification file Source:1495262685000,  Project:1495258462000
09:47:02 INFO  : The hardware specification for project 'project_wrapper_hw_platform_0' is different from /home/INTRA/chakal/workspace/project/vivado/project.sdk/project_wrapper.hdf.
09:47:02 INFO  : Copied contents of /home/INTRA/chakal/workspace/project/vivado/project.sdk/project_wrapper.hdf into /project_wrapper_hw_platform_0/system.hdf.
09:47:15 INFO  : Synchronizing projects in the workspace with the hardware platform specification changes.
09:47:21 ERROR : (XSDB Server)ERROR: [Hsi 55-1433] Error boost::filesystem::directory_iterator::construct: Permission denied: "/tmp/virtual-INTRA\tonu.jeret.QRGyZy"
ERROR: [Hsi 55-1433] Error boost::filesystem::directory_iterator::construct: Permission denied: "/tmp/.esd-10255"

09:47:21 ERROR : (XSDB Server)ERROR: [Hsi 55-1433] Error boost::filesystem::directory_iterator::construct: Permission denied: "/tmp/pulse-v7ZRWXUNB1UA"
ERROR: [Hsi 55-1433] Error boost::filesystem::directory_iterator::construct: Permission denied: "/tmp/orbit-INTRA\tonu.jeret"
ERROR: [Hsi 55-1433] Error boost::filesystem::directory_iterator::construct: Permission denied: "/tmp/virtual-INTRA\harri.lensen.HnV1Rc"
ERROR: [Hsi 55-1433] Error boost::filesystem::directory_iterator::construct: Permission denied: "/tmp/.esd-10111"
ERROR: [Hsi 55-1433] Error boost::filesystem::directory_iterator::construct: Permission denied: "/tmp/pulse-55YDAzCfsD6W"
ERROR: [Hsi 55-1433] Error boost::filesystem::directory_iterator::construct: Permission denied: "/tmp/orbit-INTRA\harri.lensen"
ERROR: [Hsi 55-1433] Error boost::filesystem::directory_iterator::construct: Permission denied: "/tmp/orbit-INTRA\aramos"
ERROR: [Hsi 55-1433] Error boost::filesystem::directory_iterator::construct: Permission denied: "/tmp/virtual-INTRA\hardi.selg.D7z11u"
ERROR: [Hsi 55-1433] Error boost::filesystem::directory_iterator::construct: Permission denied: "/tmp/.esd-10179"
ERROR: [Hsi 55-1433] Error boost::filesystem::directory_iterator::construct: Permission denied: "/tmp/pulse-EGhhygTxJq5B"
ERROR: [Hsi 55-1433] Error boost::filesystem::directory_iterator::construct: Permission denied: "/tmp/orbit-INTRA\hardi.selg"
ERROR: [Hsi 55-1433] Error boost::filesystem::directory_iterator::construct: Permission denied: "/tmp/.esd-112"
ERROR: [Hsi 55-1433] Error boost::filesystem::directory_iterator::construct: Permission denied: "/tmp/pulse-ImybLwlaKgud"
ERROR: [Hsi 55-1433] Error boost::filesystem::directory_iterator::construct: Permission denied: "/tmp/orbit-gdm"

09:47:21 ERROR : Failed to call sync_sw_with_hw_change
Reason: ERROR: [Common 17-39] 'hsi::open_sw_design' failed due to earlier errors.

09:47:21 ERROR : Error updating BSP project MSS files.
09:47:23 INFO  : Updating hardware inferred compiler options for AUDIO_PACKAGE.
09:47:24 INFO  : Updating hardware inferred compiler options for FSBL.
09:47:24 INFO  : Clearing existing target manager status.
09:48:58 INFO  : Invoking Bootgen: bootgen -image output.bif -arch zynq -o /home/INTRA/chakal/workspace/project/sd-image/BOOT.bin -w on
09:48:58 INFO  : Overwriting existing bif file /home/INTRA/chakal/workspace/project/sd-temp/output.bif
09:48:59 INFO  : Bootgen command execution is done.
09:58:44 ERROR : Unexpected error while parsing XMD response ?: com.google.gson.JsonSyntaxException: com.google.gson.stream.MalformedJsonException: invalid number or unquoted string near 
09:59:15 INFO  : Launching XSDB server: xsdb -n -interactive /home/INTRA/chakal/workspace/project/vivado/project.sdk/temp_xsdb_launch_script.tcl
09:59:16 INFO  : XSDB server has started successfully.
09:59:17 INFO  : Processing command line option -hwspec /home/INTRA/chakal/workspace/project/vivado/project.sdk/project_wrapper.hdf.
09:59:17 INFO  : Checking for hwspec changes in the project project_wrapper_hw_platform_0.
10:12:35 INFO  : SDK has detected change in the last modified timestamps for source hardware specification file Source:1495264329000,  Project:1495262685000
10:12:35 INFO  : Project project_wrapper_hw_platform_0's source hardware specification located at /home/INTRA/chakal/workspace/project/vivado/project.sdk/project_wrapper.hdf is now different from the local copy.
		 The local copy will be replaced with the source specification and your workspace will be updated.
10:12:48 INFO  : Copied contents of /home/INTRA/chakal/workspace/project/vivado/project.sdk/project_wrapper.hdf into /project_wrapper_hw_platform_0/system.hdf.
10:12:55 INFO  : Synchronizing projects in the workspace with the hardware platform specification changes.
10:12:56 ERROR : (XSDB Server)ERROR: [Hsi 55-1433] Error boost::filesystem::directory_iterator::construct: Permission denied: "/tmp/virtual-INTRA\tonu.jeret.QRGyZy"

10:12:56 ERROR : (XSDB Server)ERROR: [Hsi 55-1433] Error boost::filesystem::directory_iterator::construct: Permission denied: "/tmp/.esd-10255"
ERROR: [Hsi 55-1433] Error boost::filesystem::directory_iterator::construct: Permission denied: "/tmp/pulse-v7ZRWXUNB1UA"
ERROR: [Hsi 55-1433] Error boost::filesystem::directory_iterator::construct: Permission denied: "/tmp/orbit-INTRA\tonu.jeret"
ERROR: [Hsi 55-1433] Error boost::filesystem::directory_iterator::construct: Permission denied: "/tmp/virtual-INTRA\harri.lensen.HnV1Rc"
ERROR: [Hsi 55-1433] Error boost::filesystem::directory_iterator::construct: Permission denied: "/tmp/.esd-10111"
ERROR: [Hsi 55-1433] Error boost::filesystem::directory_iterator::construct: Permission denied: "/tmp/pulse-55YDAzCfsD6W"
ERROR: [Hsi 55-1433] Error boost::filesystem::directory_iterator::construct: Permission denied: "/tmp/orbit-INTRA\harri.lensen"
ERROR: [Hsi 55-1433] Error boost::filesystem::directory_iterator::construct: Permission denied: "/tmp/orbit-INTRA\aramos"
ERROR: [Hsi 55-1433] Error boost::filesystem::directory_iterator::construct: Permission denied: "/tmp/virtual-INTRA\hardi.selg.D7z11u"
ERROR: [Hsi 55-1433] Error boost::filesystem::directory_iterator::construct: Permission denied: "/tmp/.esd-10179"

10:12:56 ERROR : (XSDB Server)ERROR: [Hsi 55-1433] Error boost::filesystem::directory_iterator::construct: Permission denied: "/tmp/pulse-EGhhygTxJq5B"
ERROR: [Hsi 55-1433] Error boost::filesystem::directory_iterator::construct: Permission denied: "/tmp/orbit-INTRA\hardi.selg"
ERROR: [Hsi 55-1433] Error boost::filesystem::directory_iterator::construct: Permission denied: "/tmp/.esd-112"
ERROR: [Hsi 55-1433] Error boost::filesystem::directory_iterator::construct: Permission denied: "/tmp/pulse-ImybLwlaKgud"

10:12:56 ERROR : (XSDB Server)ERROR: [Hsi 55-1433] Error boost::filesystem::directory_iterator::construct: Permission denied: "/tmp/orbit-gdm"

10:12:56 ERROR : Failed to call sync_sw_with_hw_change
Reason: ERROR: [Common 17-39] 'hsi::open_sw_design' failed due to earlier errors.

10:12:56 ERROR : Error updating BSP project MSS files.
10:12:57 INFO  : Updating hardware inferred compiler options for AUDIO_PACKAGE.
10:12:58 INFO  : Updating hardware inferred compiler options for FSBL.
10:12:58 INFO  : Clearing existing target manager status.
10:13:11 ERROR : Unexpected error while parsing XMD response ?: com.google.gson.JsonSyntaxException: com.google.gson.stream.MalformedJsonException: invalid number or unquoted string near 
10:13:28 INFO  : Launching XSDB server: xsdb -n -interactive /home/INTRA/chakal/workspace/project/vivado/project.sdk/temp_xsdb_launch_script.tcl
10:13:29 INFO  : XSDB server has started successfully.
10:13:30 INFO  : Processing command line option -hwspec /home/INTRA/chakal/workspace/project/vivado/project.sdk/project_wrapper.hdf.
10:13:30 INFO  : Checking for hwspec changes in the project project_wrapper_hw_platform_0.
10:15:10 INFO  : Invoking Bootgen: bootgen -image output.bif -arch zynq -o /home/INTRA/chakal/workspace/project/sd-image/BOOT.bin -w on
10:15:10 INFO  : Overwriting existing bif file /home/INTRA/chakal/workspace/project/sd-temp/output.bif
10:15:11 INFO  : Bootgen command execution is done.
